  Timber.cpp
E:\AluCiclesGS2\Pol a prog\Timber que funciona\TimberGame\Timber.cpp(182,36): warning C4244: '+=': conversion from 'double' to 'float', possible loss of data
E:\AluCiclesGS2\Pol a prog\Timber que funciona\TimberGame\Timber.cpp(198,36): warning C4244: '+=': conversion from 'double' to 'float', possible loss of data
E:\AluCiclesGS2\Pol a prog\Timber que funciona\TimberGame\Timber.cpp(296,39): warning C4244: '=': conversion from 'int' to 'float', possible loss of data
E:\AluCiclesGS2\Pol a prog\Timber que funciona\TimberGame\Timber.cpp(297,16): warning C4244: 'initializing': conversion from 'int' to 'float', possible loss of data
E:\AluCiclesGS2\Pol a prog\Timber que funciona\TimberGame\Timber.cpp(332,16): warning C4244: 'initializing': conversion from 'int' to 'float', possible loss of data
Timber.obj : error LNK2019: unresolved external symbol "public: void __cdecl sf::Transformable::setPosition(class sf::Vector2<float>)" (?setPosition@Transformable@sf@@QEAAXV?$Vector2@M@2@@Z) referenced in function "void __cdecl updateBranchSprites(enum Side * const,class sf::Sprite * const)" (?updateBranchSprites@@YAXQEAW4Side@@QEAVSprite@sf@@@Z)
Timber.obj : error LNK2019: unresolved external symbol "public: void __cdecl sf::Transformable::setRotation(class sf::Angle)" (?setRotation@Transformable@sf@@QEAAXVAngle@2@@Z) referenced in function "void __cdecl updateBranchSprites(enum Side * const,class sf::Sprite * const)" (?updateBranchSprites@@YAXQEAW4Side@@QEAVSprite@sf@@@Z)
Timber.obj : error LNK2019: unresolved external symbol "public: void __cdecl sf::Transformable::setOrigin(class sf::Vector2<float>)" (?setOrigin@Transformable@sf@@QEAAXV?$Vector2@M@2@@Z) referenced in function main
Timber.obj : error LNK2019: unresolved external symbol "public: class sf::Vector2<float> __cdecl sf::Transformable::getPosition(void)const " (?getPosition@Transformable@sf@@QEBA?AV?$Vector2@M@2@XZ) referenced in function "void __cdecl updateNPC(struct NPC &,float)" (?updateNPC@@YAXAEAUNPC@@M@Z)
Timber.obj : error LNK2019: unresolved external symbol "public: void __cdecl sf::Shape::setFillColor(class sf::Color)" (?setFillColor@Shape@sf@@QEAAXVColor@2@@Z) referenced in function main
Timber.obj : error LNK2019: unresolved external symbol "public: __cdecl sf::Texture::~Texture(void)" (??1Texture@sf@@QEAA@XZ) referenced in function "public: __cdecl sf::Font::Page::~Page(void)" (??1Page@Font@sf@@QEAA@XZ)
Timber.obj : error LNK2019: unresolved external symbol "public: __cdecl sf::Texture::Texture(class std::filesystem::path const &,bool)" (??0Texture@sf@@QEAA@AEBVpath@filesystem@std@@_N@Z) referenced in function main
Timber.obj : error LNK2019: unresolved external symbol "public: __cdecl sf::Font::Font(class std::filesystem::path const &)" (??0Font@sf@@QEAA@AEBVpath@filesystem@std@@@Z) referenced in function main
Timber.obj : error LNK2019: unresolved external symbol "public: __cdecl sf::RectangleShape::RectangleShape(class sf::Vector2<float>)" (??0RectangleShape@sf@@QEAA@V?$Vector2@M@1@@Z) referenced in function main
Timber.obj : error LNK2019: unresolved external symbol "public: void __cdecl sf::RectangleShape::setSize(class sf::Vector2<float>)" (?setSize@RectangleShape@sf@@QEAAXV?$Vector2@M@2@@Z) referenced in function main
Timber.obj : error LNK2019: unresolved external symbol "public: void __cdecl sf::RenderTarget::clear(class sf::Color)" (?clear@RenderTarget@sf@@QEAAXVColor@2@@Z) referenced in function main
Timber.obj : error LNK2019: unresolved external symbol "public: void __cdecl sf::RenderTarget::draw(class sf::Drawable const &,struct sf::RenderStates const &)" (?draw@RenderTarget@sf@@QEAAXAEBVDrawable@2@AEBURenderStates@2@@Z) referenced in function main
Timber.obj : error LNK2019: unresolved external symbol "public: __cdecl sf::VideoMode::VideoMode(class sf::Vector2<unsigned int>,unsigned int)" (??0VideoMode@sf@@QEAA@V?$Vector2@I@1@I@Z) referenced in function main
Timber.obj : error LNK2019: unresolved external symbol "public: bool __cdecl sf::WindowBase::isOpen(void)const " (?isOpen@WindowBase@sf@@QEBA_NXZ) referenced in function main
Timber.obj : error LNK2019: unresolved external symbol "public: class std::optional<class sf::Event> __cdecl sf::WindowBase::pollEvent(void)" (?pollEvent@WindowBase@sf@@QEAA?AV?$optional@VEvent@sf@@@std@@XZ) referenced in function main
Timber.obj : error LNK2019: unresolved external symbol "public: __cdecl sf::String::String(char const *,class std::locale const &)" (??0String@sf@@QEAA@PEBDAEBVlocale@std@@@Z) referenced in function main
Timber.obj : error LNK2019: unresolved external symbol "public: __cdecl sf::String::String(class std::basic_string<char,struct std::char_traits<char>,class std::allocator<char> > const &,class std::locale const &)" (??0String@sf@@QEAA@AEBV?$basic_string@DU?$char_traits@D@std@@V?$allocator@D@2@@std@@AEBVlocale@3@@Z) referenced in function main
Timber.obj : error LNK2019: unresolved external symbol "public: class sf::Time __cdecl sf::Clock::restart(void)" (?restart@Clock@sf@@QEAA?AVTime@2@XZ) referenced in function main
Timber.obj : error LNK2019: unresolved external symbol "public: virtual __cdecl sf::Window::~Window(void)" (??1Window@sf@@UEAA@XZ) referenced in function "public: virtual __cdecl sf::RenderWindow::~RenderWindow(void)" (??1RenderWindow@sf@@UEAA@XZ)
Timber.obj : error LNK2019: unresolved external symbol "public: virtual void __cdecl sf::Window::close(void)" (?close@Window@sf@@UEAAXXZ) referenced in function main
Timber.obj : error LNK2019: unresolved external symbol "public: void __cdecl sf::Window::display(void)" (?display@Window@sf@@QEAAXXZ) referenced in function main
Timber.obj : error LNK2019: unresolved external symbol "public: __cdecl sf::RenderWindow::RenderWindow(class sf::VideoMode,class sf::String const &,enum sf::State,struct sf::ContextSettings const &)" (??0RenderWindow@sf@@QEAA@VVideoMode@1@AEBVString@1@W4State@1@AEBUContextSettings@1@@Z) referenced in function main
Timber.obj : error LNK2019: unresolved external symbol "public: __cdecl sf::Sprite::Sprite(class sf::Texture const &)" (??0Sprite@sf@@QEAA@AEBVTexture@1@@Z) referenced in function "public: __cdecl NPC::NPC(class sf::Texture &,int,int,int,float)" (??0NPC@@QEAA@AEAVTexture@sf@@HHHM@Z)
Timber.obj : error LNK2019: unresolved external symbol "public: void __cdecl sf::Sprite::setTexture(class sf::Texture const &,bool)" (?setTexture@Sprite@sf@@QEAAXAEBVTexture@2@_N@Z) referenced in function main
Timber.obj : error LNK2019: unresolved external symbol "public: __cdecl sf::Text::Text(class sf::Font const &,class sf::String,unsigned int)" (??0Text@sf@@QEAA@AEBVFont@1@VString@1@I@Z) referenced in function main
Timber.obj : error LNK2019: unresolved external symbol "public: void __cdecl sf::Text::setString(class sf::String const &)" (?setString@Text@sf@@QEAAXAEBVString@2@@Z) referenced in function main
Timber.obj : error LNK2019: unresolved external symbol "public: void __cdecl sf::Text::setCharacterSize(unsigned int)" (?setCharacterSize@Text@sf@@QEAAXI@Z) referenced in function main
Timber.obj : error LNK2019: unresolved external symbol "public: void __cdecl sf::Text::setFillColor(class sf::Color)" (?setFillColor@Text@sf@@QEAAXVColor@2@@Z) referenced in function main
Timber.obj : error LNK2019: unresolved external symbol "public: class sf::Rect<float> __cdecl sf::Text::getLocalBounds(void)const " (?getLocalBounds@Text@sf@@QEBA?AV?$Rect@M@2@XZ) referenced in function main
Timber.obj : error LNK2001: unresolved external symbol "public: static struct sf::RenderStates const sf::RenderStates::Default" (?Default@RenderStates@sf@@2U12@B)
E:\AluCiclesGS2\Pol a prog\Timber que funciona\TimberGame\x64\Debug\Timber.exe : fatal error LNK1120: 30 unresolved externals
